# JRE version: OpenJDK Runtime Environment (15.0.2+7) (build 15.0.2+7-27)
# Java VM: OpenJDK 64-Bit Server VM (15.0.2+7-27, mixed mode, tiered, compressed oops, g1 gc, windows-amd64)
GC Precious Log:
 CPUs: 8 total, 8 available
 Memory: 7416M
 Large Page Support: Disabled
 NUMA Support: Disabled
 Compressed Oops: Enabled (32-bit)
 Heap Region Size: 1M
 Heap Min Capacity: 8M
 Heap Initial Capacity: 116M
 Heap Max Capacity: 1856M
 Pre-touch: Disabled
 Parallel Workers: 8
 Concurrent Workers: 2
 Concurrent Refinement Workers: 8
 Periodic GC: Disabled
Heap:
 garbage-first heap   total 41984K, used 15464K [0x000000008c000000, 0x0000000100000000)
  region size 1024K, 5 young (5120K), 0 survivors (0K)
 Metaspace       used 28923K, capacity 29164K, committed 29440K, reserved 1075200K
  class space    used 2973K, capacity 3068K, committed 3072K, reserved 1048576K
GC Heap History (20 events):
Event: 2.192 GC heap before
{Heap before GC invocations=9 (full 7):
 garbage-first heap   total 34816K, used 24514K [0x000000008c000000, 0x0000000100000000)
  region size 1024K, 15 young (15360K), 0 survivors (0K)
 Metaspace       used 21813K, capacity 22034K, committed 22272K, reserved 1069056K
  class space    used 2153K, capacity 2241K, committed 2304K, reserved 1048576K
}
Event: 2.195 GC heap after
{Heap after GC invocations=10 (full 7):
 garbage-first heap   total 34816K, used 9979K [0x000000008c000000, 0x0000000100000000)
  region size 1024K, 1 young (1024K), 1 survivors (1024K)
 Metaspace       used 21813K, capacity 22034K, committed 22272K, reserved 1069056K
  class space    used 2153K, capacity 2241K, committed 2304K, reserved 1048576K
}
Event: 2.456 GC heap before
{Heap before GC invocations=10 (full 7):
 garbage-first heap   total 34816K, used 25339K [0x000000008c000000, 0x0000000100000000)
  region size 1024K, 16 young (16384K), 1 survivors (1024K)
 Metaspace       used 23136K, capacity 23388K, committed 23424K, reserved 1071104K
  class space    used 2327K, capacity 2409K, committed 2432K, reserved 1048576K
}
Event: 2.462 GC heap after
{Heap after GC invocations=11 (full 7):
 garbage-first heap   total 34816K, used 11561K [0x000000008c000000, 0x0000000100000000)
  region size 1024K, 2 young (2048K), 2 survivors (2048K)
 Metaspace       used 23136K, capacity 23388K, committed 23424K, reserved 1071104K
  class space    used 2327K, capacity 2409K, committed 2432K, reserved 1048576K
}
Event: 3.155 GC heap before
{Heap before GC invocations=11 (full 7):
 garbage-first heap   total 34816K, used 24873K [0x000000008c000000, 0x0000000100000000)
  region size 1024K, 15 young (15360K), 2 survivors (2048K)
 Metaspace       used 24912K, capacity 25181K, committed 25472K, reserved 1073152K
  class space    used 2552K, capacity 2644K, committed 2688K, reserved 1048576K
}
Event: 3.160 GC heap after
{Heap after GC invocations=12 (full 7):
 garbage-first heap   total 41984K, used 12116K [0x000000008c000000, 0x0000000100000000)
  region size 1024K, 1 young (1024K), 1 survivors (1024K)
 Metaspace       used 24912K, capacity 25181K, committed 25472K, reserved 1073152K
  class space    used 2552K, capacity 2644K, committed 2688K, reserved 1048576K
}
Event: 4.821 GC heap before
{Heap before GC invocations=12 (full 7):
 garbage-first heap   total 41984K, used 28500K [0x000000008c000000, 0x0000000100000000)
  region size 1024K, 18 young (18432K), 1 survivors (1024K)
 Metaspace       used 27627K, capacity 27916K, committed 28160K, reserved 1075200K
  class space    used 2897K, capacity 3001K, committed 3072K, reserved 1048576K
}
Event: 4.824 GC heap after
{Heap after GC invocations=13 (full 7):
 garbage-first heap   total 41984K, used 12615K [0x000000008c000000, 0x0000000100000000)
  region size 1024K, 1 young (1024K), 1 survivors (1024K)
 Metaspace       used 27627K, capacity 27916K, committed 28160K, reserved 1075200K
  class space    used 2897K, capacity 3001K, committed 3072K, reserved 1048576K
}
Event: 6.596 GC heap before
{Heap before GC invocations=13 (full 7):
 garbage-first heap   total 41984K, used 14663K [0x000000008c000000, 0x0000000100000000)
  region size 1024K, 4 young (4096K), 1 survivors (1024K)
 Metaspace       used 27962K, capacity 28207K, committed 28416K, reserved 1075200K
  class space    used 2945K, capacity 3034K, committed 3072K, reserved 1048576K
}
Event: 6.648 GC heap after
{Heap after GC invocations=14 (full 8):
 garbage-first heap   total 41984K, used 12378K [0x000000008c000000, 0x0000000100000000)
  region size 1024K, 0 young (0K), 0 survivors (0K)
 Metaspace       used 27962K, capacity 28207K, committed 28416K, reserved 1075200K
  class space    used 2945K, capacity 3034K, committed 3072K, reserved 1048576K
}
Event: 6.649 GC heap before
{Heap before GC invocations=14 (full 8):
 garbage-first heap   total 41984K, used 12378K [0x000000008c000000, 0x0000000100000000)
  region size 1024K, 0 young (0K), 0 survivors (0K)
 Metaspace       used 27962K, capacity 28207K, committed 28416K, reserved 1075200K
  class space    used 2945K, capacity 3034K, committed 3072K, reserved 1048576K
}
Event: 6.689 GC heap after
{Heap after GC invocations=15 (full 9):
 garbage-first heap   total 41984K, used 12378K [0x000000008c000000, 0x0000000100000000)
  region size 1024K, 0 young (0K), 0 survivors (0K)
 Metaspace       used 27962K, capacity 28207K, committed 28416K, reserved 1075200K
  class space    used 2945K, capacity 3034K, committed 3072K, reserved 1048576K
}
Event: 6.690 GC heap before
{Heap before GC invocations=15 (full 9):
 garbage-first heap   total 41984K, used 12378K [0x000000008c000000, 0x0000000100000000)
  region size 1024K, 1 young (1024K), 0 survivors (0K)
 Metaspace       used 27962K, capacity 28207K, committed 28416K, reserved 1075200K
  class space    used 2945K, capacity 3034K, committed 3072K, reserved 1048576K
}
Event: 6.706 GC heap after
{Heap after GC invocations=16 (full 10):
 garbage-first heap   total 41984K, used 12396K [0x000000008c000000, 0x0000000100000000)
  region size 1024K, 0 young (0K), 0 survivors (0K)
 Metaspace       used 27962K, capacity 28207K, committed 28416K, reserved 1075200K
  class space    used 2945K, capacity 3034K, committed 3072K, reserved 1048576K
}
Event: 6.707 GC heap before
{Heap before GC invocations=16 (full 10):
 garbage-first heap   total 41984K, used 12396K [0x000000008c000000, 0x0000000100000000)
  region size 1024K, 1 young (1024K), 0 survivors (0K)
 Metaspace       used 27962K, capacity 28207K, committed 28416K, reserved 1075200K
  class space    used 2945K, capacity 3034K, committed 3072K, reserved 1048576K
}
Event: 6.722 GC heap after
{Heap after GC invocations=17 (full 11):
 garbage-first heap   total 41984K, used 12378K [0x000000008c000000, 0x0000000100000000)
  region size 1024K, 0 young (0K), 0 survivors (0K)
 Metaspace       used 27962K, capacity 28207K, committed 28416K, reserved 1075200K
  class space    used 2945K, capacity 3034K, committed 3072K, reserved 1048576K
}
Event: 6.722 GC heap before
{Heap before GC invocations=17 (full 11):
 garbage-first heap   total 41984K, used 12378K [0x000000008c000000, 0x0000000100000000)
  region size 1024K, 0 young (0K), 0 survivors (0K)
 Metaspace       used 27962K, capacity 28207K, committed 28416K, reserved 1075200K
  class space    used 2945K, capacity 3034K, committed 3072K, reserved 1048576K
}
Event: 6.737 GC heap after
{Heap after GC invocations=18 (full 12):
 garbage-first heap   total 41984K, used 12378K [0x000000008c000000, 0x0000000100000000)
  region size 1024K, 0 young (0K), 0 survivors (0K)
 Metaspace       used 27962K, capacity 28207K, committed 28416K, reserved 1075200K
  class space    used 2945K, capacity 3034K, committed 3072K, reserved 1048576K
}
Event: 6.737 GC heap before
{Heap before GC invocations=18 (full 12):
 garbage-first heap   total 41984K, used 12378K [0x000000008c000000, 0x0000000100000000)
  region size 1024K, 1 young (1024K), 0 survivors (0K)
 Metaspace       used 27962K, capacity 28207K, committed 28416K, reserved 1075200K
  class space    used 2945K, capacity 3034K, committed 3072K, reserved 1048576K
}
Event: 6.752 GC heap after
{Heap after GC invocations=19 (full 13):
 garbage-first heap   total 41984K, used 12392K [0x000000008c000000, 0x0000000100000000)
  region size 1024K, 0 young (0K), 0 survivors (0K)
 Metaspace       used 27962K, capacity 28207K, committed 28416K, reserved 1075200K
  class space    used 2945K, capacity 3034K, committed 3072K, reserved 1048576K
}

