# JRE version: OpenJDK Runtime Environment (15.0.2+7) (build 15.0.2+7-27)
# Java VM: OpenJDK 64-Bit Server VM (15.0.2+7-27, mixed mode, tiered, compressed oops, g1 gc, windows-amd64)
GC Precious Log:
 CPUs: 8 total, 8 available
 Memory: 7416M
 Large Page Support: Disabled
 NUMA Support: Disabled
 Compressed Oops: Enabled (32-bit)
 Heap Region Size: 1M
 Heap Min Capacity: 8M
 Heap Initial Capacity: 116M
 Heap Max Capacity: 1856M
 Pre-touch: Disabled
 Parallel Workers: 8
 Concurrent Workers: 2
 Concurrent Refinement Workers: 8
 Periodic GC: Disabled
Heap:
 garbage-first heap   total 38912K, used 15466K [0x000000008c000000, 0x0000000100000000)
  region size 1024K, 5 young (5120K), 0 survivors (0K)
 Metaspace       used 28939K, capacity 29164K, committed 29440K, reserved 1075200K
  class space    used 2973K, capacity 3068K, committed 3072K, reserved 1048576K
GC Heap History (20 events):
Event: 2.081 GC heap before
{Heap before GC invocations=9 (full 7):
 garbage-first heap   total 30720K, used 23489K [0x000000008c000000, 0x0000000100000000)
  region size 1024K, 14 young (14336K), 0 survivors (0K)
 Metaspace       used 21685K, capacity 21874K, committed 22016K, reserved 1069056K
  class space    used 2140K, capacity 2209K, committed 2304K, reserved 1048576K
}
Event: 2.085 GC heap after
{Heap after GC invocations=10 (full 7):
 garbage-first heap   total 30720K, used 9966K [0x000000008c000000, 0x0000000100000000)
  region size 1024K, 1 young (1024K), 1 survivors (1024K)
 Metaspace       used 21685K, capacity 21874K, committed 22016K, reserved 1069056K
  class space    used 2140K, capacity 2209K, committed 2304K, reserved 1048576K
}
Event: 2.498 GC heap before
{Heap before GC invocations=10 (full 7):
 garbage-first heap   total 30720K, used 24302K [0x000000008c000000, 0x0000000100000000)
  region size 1024K, 15 young (15360K), 1 survivors (1024K)
 Metaspace       used 22907K, capacity 23100K, committed 23168K, reserved 1071104K
  class space    used 2289K, capacity 2377K, committed 2432K, reserved 1048576K
}
Event: 2.510 GC heap after
{Heap after GC invocations=11 (full 7):
 garbage-first heap   total 30720K, used 11570K [0x000000008c000000, 0x0000000100000000)
  region size 1024K, 2 young (2048K), 2 survivors (2048K)
 Metaspace       used 22907K, capacity 23100K, committed 23168K, reserved 1071104K
  class space    used 2289K, capacity 2377K, committed 2432K, reserved 1048576K
}
Event: 3.187 GC heap before
{Heap before GC invocations=11 (full 7):
 garbage-first heap   total 30720K, used 22834K [0x000000008c000000, 0x0000000100000000)
  region size 1024K, 13 young (13312K), 2 survivors (2048K)
 Metaspace       used 24530K, capacity 24718K, committed 24960K, reserved 1071104K
  class space    used 2485K, capacity 2575K, committed 2688K, reserved 1048576K
}
Event: 3.191 GC heap after
{Heap after GC invocations=12 (full 7):
 garbage-first heap   total 38912K, used 11912K [0x000000008c000000, 0x0000000100000000)
  region size 1024K, 1 young (1024K), 1 survivors (1024K)
 Metaspace       used 24530K, capacity 24718K, committed 24960K, reserved 1071104K
  class space    used 2485K, capacity 2575K, committed 2688K, reserved 1048576K
}
Event: 3.325 GC heap before
{Heap before GC invocations=12 (full 7):
 garbage-first heap   total 38912K, used 28296K [0x000000008c000000, 0x0000000100000000)
  region size 1024K, 17 young (17408K), 1 survivors (1024K)
 Metaspace       used 26577K, capacity 26825K, committed 27008K, reserved 1073152K
  class space    used 2788K, capacity 2872K, committed 2944K, reserved 1048576K
}
Event: 3.328 GC heap after
{Heap after GC invocations=13 (full 7):
 garbage-first heap   total 38912K, used 12204K [0x000000008c000000, 0x0000000100000000)
  region size 1024K, 1 young (1024K), 1 survivors (1024K)
 Metaspace       used 26577K, capacity 26825K, committed 27008K, reserved 1073152K
  class space    used 2788K, capacity 2872K, committed 2944K, reserved 1048576K
}
Event: 5.631 GC heap before
{Heap before GC invocations=13 (full 7):
 garbage-first heap   total 38912K, used 19372K [0x000000008c000000, 0x0000000100000000)
  region size 1024K, 9 young (9216K), 1 survivors (1024K)
 Metaspace       used 27976K, capacity 28207K, committed 28416K, reserved 1075200K
  class space    used 2945K, capacity 3034K, committed 3072K, reserved 1048576K
}
Event: 5.655 GC heap after
{Heap after GC invocations=14 (full 8):
 garbage-first heap   total 38912K, used 12383K [0x000000008c000000, 0x0000000100000000)
  region size 1024K, 0 young (0K), 0 survivors (0K)
 Metaspace       used 27976K, capacity 28207K, committed 28416K, reserved 1075200K
  class space    used 2945K, capacity 3034K, committed 3072K, reserved 1048576K
}
Event: 5.656 GC heap before
{Heap before GC invocations=14 (full 8):
 garbage-first heap   total 38912K, used 12383K [0x000000008c000000, 0x0000000100000000)
  region size 1024K, 0 young (0K), 0 survivors (0K)
 Metaspace       used 27976K, capacity 28207K, committed 28416K, reserved 1075200K
  class space    used 2945K, capacity 3034K, committed 3072K, reserved 1048576K
}
Event: 5.697 GC heap after
{Heap after GC invocations=15 (full 9):
 garbage-first heap   total 38912K, used 12383K [0x000000008c000000, 0x0000000100000000)
  region size 1024K, 0 young (0K), 0 survivors (0K)
 Metaspace       used 27976K, capacity 28207K, committed 28416K, reserved 1075200K
  class space    used 2945K, capacity 3034K, committed 3072K, reserved 1048576K
}
Event: 5.698 GC heap before
{Heap before GC invocations=15 (full 9):
 garbage-first heap   total 38912K, used 12383K [0x000000008c000000, 0x0000000100000000)
  region size 1024K, 1 young (1024K), 0 survivors (0K)
 Metaspace       used 27976K, capacity 28207K, committed 28416K, reserved 1075200K
  class space    used 2945K, capacity 3034K, committed 3072K, reserved 1048576K
}
Event: 5.723 GC heap after
{Heap after GC invocations=16 (full 10):
 garbage-first heap   total 38912K, used 12397K [0x000000008c000000, 0x0000000100000000)
  region size 1024K, 0 young (0K), 0 survivors (0K)
 Metaspace       used 27976K, capacity 28207K, committed 28416K, reserved 1075200K
  class space    used 2945K, capacity 3034K, committed 3072K, reserved 1048576K
}
Event: 5.726 GC heap before
{Heap before GC invocations=16 (full 10):
 garbage-first heap   total 38912K, used 12397K [0x000000008c000000, 0x0000000100000000)
  region size 1024K, 1 young (1024K), 0 survivors (0K)
 Metaspace       used 27976K, capacity 28207K, committed 28416K, reserved 1075200K
  class space    used 2945K, capacity 3034K, committed 3072K, reserved 1048576K
}
Event: 5.750 GC heap after
{Heap after GC invocations=17 (full 11):
 garbage-first heap   total 38912K, used 12380K [0x000000008c000000, 0x0000000100000000)
  region size 1024K, 0 young (0K), 0 survivors (0K)
 Metaspace       used 27976K, capacity 28207K, committed 28416K, reserved 1075200K
  class space    used 2945K, capacity 3034K, committed 3072K, reserved 1048576K
}
Event: 5.750 GC heap before
{Heap before GC invocations=17 (full 11):
 garbage-first heap   total 38912K, used 12380K [0x000000008c000000, 0x0000000100000000)
  region size 1024K, 0 young (0K), 0 survivors (0K)
 Metaspace       used 27976K, capacity 28207K, committed 28416K, reserved 1075200K
  class space    used 2945K, capacity 3034K, committed 3072K, reserved 1048576K
}
Event: 5.778 GC heap after
{Heap after GC invocations=18 (full 12):
 garbage-first heap   total 38912K, used 12380K [0x000000008c000000, 0x0000000100000000)
  region size 1024K, 0 young (0K), 0 survivors (0K)
 Metaspace       used 27976K, capacity 28207K, committed 28416K, reserved 1075200K
  class space    used 2945K, capacity 3034K, committed 3072K, reserved 1048576K
}
Event: 5.778 GC heap before
{Heap before GC invocations=18 (full 12):
 garbage-first heap   total 38912K, used 12380K [0x000000008c000000, 0x0000000100000000)
  region size 1024K, 1 young (1024K), 0 survivors (0K)
 Metaspace       used 27976K, capacity 28207K, committed 28416K, reserved 1075200K
  class space    used 2945K, capacity 3034K, committed 3072K, reserved 1048576K
}
Event: 5.804 GC heap after
{Heap after GC invocations=19 (full 13):
 garbage-first heap   total 38912K, used 12394K [0x000000008c000000, 0x0000000100000000)
  region size 1024K, 0 young (0K), 0 survivors (0K)
 Metaspace       used 27976K, capacity 28207K, committed 28416K, reserved 1075200K
  class space    used 2945K, capacity 3034K, committed 3072K, reserved 1048576K
}

