# JRE version: OpenJDK Runtime Environment (15.0.2+7) (build 15.0.2+7-27)
# Java VM: OpenJDK 64-Bit Server VM (15.0.2+7-27, mixed mode, tiered, compressed oops, g1 gc, windows-amd64)
GC Precious Log:
 CPUs: 8 total, 8 available
 Memory: 7416M
 Large Page Support: Disabled
 NUMA Support: Disabled
 Compressed Oops: Enabled (32-bit)
 Heap Region Size: 1M
 Heap Min Capacity: 8M
 Heap Initial Capacity: 116M
 Heap Max Capacity: 1856M
 Pre-touch: Disabled
 Parallel Workers: 8
 Concurrent Workers: 2
 Concurrent Refinement Workers: 8
 Periodic GC: Disabled
Heap:
 garbage-first heap   total 51200K, used 18826K [0x000000008c000000, 0x0000000100000000)
  region size 1024K, 3 young (3072K), 0 survivors (0K)
 Metaspace       used 29097K, capacity 29361K, committed 29696K, reserved 1075200K
  class space    used 2937K, capacity 3027K, committed 3072K, reserved 1048576K
GC Heap History (20 events):
Event: 1927.958 GC heap before
{Heap before GC invocations=372 (full 351):
 garbage-first heap   total 51200K, used 16680K [0x000000008c000000, 0x0000000100000000)
  region size 1024K, 1 young (1024K), 0 survivors (0K)
 Metaspace       used 29076K, capacity 29297K, committed 29440K, reserved 1075200K
  class space    used 2936K, capacity 3027K, committed 3072K, reserved 1048576K
}
Event: 1928.013 GC heap after
{Heap after GC invocations=373 (full 352):
 garbage-first heap   total 51200K, used 16766K [0x000000008c000000, 0x0000000100000000)
  region size 1024K, 0 young (0K), 0 survivors (0K)
 Metaspace       used 29076K, capacity 29297K, committed 29440K, reserved 1075200K
  class space    used 2936K, capacity 3027K, committed 3072K, reserved 1048576K
}
Event: 1928.091 GC heap before
{Heap before GC invocations=373 (full 352):
 garbage-first heap   total 51200K, used 16766K [0x000000008c000000, 0x0000000100000000)
  region size 1024K, 1 young (1024K), 0 survivors (0K)
 Metaspace       used 29076K, capacity 29297K, committed 29440K, reserved 1075200K
  class space    used 2936K, capacity 3027K, committed 3072K, reserved 1048576K
}
Event: 1928.151 GC heap after
{Heap after GC invocations=374 (full 353):
 garbage-first heap   total 51200K, used 16680K [0x000000008c000000, 0x0000000100000000)
  region size 1024K, 0 young (0K), 0 survivors (0K)
 Metaspace       used 29076K, capacity 29297K, committed 29440K, reserved 1075200K
  class space    used 2936K, capacity 3027K, committed 3072K, reserved 1048576K
}
Event: 1928.156 GC heap before
{Heap before GC invocations=374 (full 353):
 garbage-first heap   total 51200K, used 16680K [0x000000008c000000, 0x0000000100000000)
  region size 1024K, 0 young (0K), 0 survivors (0K)
 Metaspace       used 29076K, capacity 29297K, committed 29440K, reserved 1075200K
  class space    used 2936K, capacity 3027K, committed 3072K, reserved 1048576K
}
Event: 1928.214 GC heap after
{Heap after GC invocations=375 (full 354):
 garbage-first heap   total 51200K, used 16680K [0x000000008c000000, 0x0000000100000000)
  region size 1024K, 0 young (0K), 0 survivors (0K)
 Metaspace       used 29076K, capacity 29297K, committed 29440K, reserved 1075200K
  class space    used 2936K, capacity 3027K, committed 3072K, reserved 1048576K
}
Event: 1928.216 GC heap before
{Heap before GC invocations=375 (full 354):
 garbage-first heap   total 51200K, used 16680K [0x000000008c000000, 0x0000000100000000)
  region size 1024K, 1 young (1024K), 0 survivors (0K)
 Metaspace       used 29076K, capacity 29297K, committed 29440K, reserved 1075200K
  class space    used 2936K, capacity 3027K, committed 3072K, reserved 1048576K
}
Event: 1928.274 GC heap after
{Heap after GC invocations=376 (full 355):
 garbage-first heap   total 51200K, used 16691K [0x000000008c000000, 0x0000000100000000)
  region size 1024K, 0 young (0K), 0 survivors (0K)
 Metaspace       used 29076K, capacity 29297K, committed 29440K, reserved 1075200K
  class space    used 2936K, capacity 3027K, committed 3072K, reserved 1048576K
}
Event: 2016.747 GC heap before
{Heap before GC invocations=376 (full 355):
 garbage-first heap   total 51200K, used 19763K [0x000000008c000000, 0x0000000100000000)
  region size 1024K, 4 young (4096K), 0 survivors (0K)
 Metaspace       used 29087K, capacity 29297K, committed 29440K, reserved 1075200K
  class space    used 2937K, capacity 3027K, committed 3072K, reserved 1048576K
}
Event: 2017.014 GC heap after
{Heap after GC invocations=377 (full 356):
 garbage-first heap   total 51200K, used 16770K [0x000000008c000000, 0x0000000100000000)
  region size 1024K, 0 young (0K), 0 survivors (0K)
 Metaspace       used 29087K, capacity 29297K, committed 29440K, reserved 1075200K
  class space    used 2937K, capacity 3027K, committed 3072K, reserved 1048576K
}
Event: 2017.015 GC heap before
{Heap before GC invocations=377 (full 356):
 garbage-first heap   total 51200K, used 16770K [0x000000008c000000, 0x0000000100000000)
  region size 1024K, 0 young (0K), 0 survivors (0K)
 Metaspace       used 29087K, capacity 29297K, committed 29440K, reserved 1075200K
  class space    used 2937K, capacity 3027K, committed 3072K, reserved 1048576K
}
Event: 2017.082 GC heap after
{Heap after GC invocations=378 (full 357):
 garbage-first heap   total 51200K, used 16770K [0x000000008c000000, 0x0000000100000000)
  region size 1024K, 0 young (0K), 0 survivors (0K)
 Metaspace       used 29087K, capacity 29297K, committed 29440K, reserved 1075200K
  class space    used 2937K, capacity 3027K, committed 3072K, reserved 1048576K
}
Event: 2017.096 GC heap before
{Heap before GC invocations=378 (full 357):
 garbage-first heap   total 51200K, used 16770K [0x000000008c000000, 0x0000000100000000)
  region size 1024K, 1 young (1024K), 0 survivors (0K)
 Metaspace       used 29087K, capacity 29297K, committed 29440K, reserved 1075200K
  class space    used 2937K, capacity 3027K, committed 3072K, reserved 1048576K
}
Event: 2017.153 GC heap after
{Heap after GC invocations=379 (full 358):
 garbage-first heap   total 51200K, used 16854K [0x000000008c000000, 0x0000000100000000)
  region size 1024K, 0 young (0K), 0 survivors (0K)
 Metaspace       used 29087K, capacity 29297K, committed 29440K, reserved 1075200K
  class space    used 2937K, capacity 3027K, committed 3072K, reserved 1048576K
}
Event: 2017.426 GC heap before
{Heap before GC invocations=379 (full 358):
 garbage-first heap   total 51200K, used 16854K [0x000000008c000000, 0x0000000100000000)
  region size 1024K, 1 young (1024K), 0 survivors (0K)
 Metaspace       used 29087K, capacity 29297K, committed 29440K, reserved 1075200K
  class space    used 2937K, capacity 3027K, committed 3072K, reserved 1048576K
}
Event: 2017.481 GC heap after
{Heap after GC invocations=380 (full 359):
 garbage-first heap   total 51200K, used 16768K [0x000000008c000000, 0x0000000100000000)
  region size 1024K, 0 young (0K), 0 survivors (0K)
 Metaspace       used 29087K, capacity 29297K, committed 29440K, reserved 1075200K
  class space    used 2937K, capacity 3027K, committed 3072K, reserved 1048576K
}
Event: 2017.482 GC heap before
{Heap before GC invocations=380 (full 359):
 garbage-first heap   total 51200K, used 16768K [0x000000008c000000, 0x0000000100000000)
  region size 1024K, 0 young (0K), 0 survivors (0K)
 Metaspace       used 29087K, capacity 29297K, committed 29440K, reserved 1075200K
  class space    used 2937K, capacity 3027K, committed 3072K, reserved 1048576K
}
Event: 2017.546 GC heap after
{Heap after GC invocations=381 (full 360):
 garbage-first heap   total 51200K, used 16768K [0x000000008c000000, 0x0000000100000000)
  region size 1024K, 0 young (0K), 0 survivors (0K)
 Metaspace       used 29087K, capacity 29297K, committed 29440K, reserved 1075200K
  class space    used 2937K, capacity 3027K, committed 3072K, reserved 1048576K
}
Event: 2017.547 GC heap before
{Heap before GC invocations=381 (full 360):
 garbage-first heap   total 51200K, used 16768K [0x000000008c000000, 0x0000000100000000)
  region size 1024K, 1 young (1024K), 0 survivors (0K)
 Metaspace       used 29087K, capacity 29297K, committed 29440K, reserved 1075200K
  class space    used 2937K, capacity 3027K, committed 3072K, reserved 1048576K
}
Event: 2017.608 GC heap after
{Heap after GC invocations=382 (full 361):
 garbage-first heap   total 51200K, used 16778K [0x000000008c000000, 0x0000000100000000)
  region size 1024K, 0 young (0K), 0 survivors (0K)
 Metaspace       used 29087K, capacity 29297K, committed 29440K, reserved 1075200K
  class space    used 2937K, capacity 3027K, committed 3072K, reserved 1048576K
}

